Using pre-set license
Built from '2020.3/staging' branch; Version is '2020.3.11f1 (99c7afb366b3) revision 10078127'; Using compiler version '192528614'; Build Type 'Release'
OS: 'Windows 10 Home; OS build 19041.1052; Version 2004; 64bit' Language: 'en' Physical Memory: 24451 MB
BatchMode: 1, IsHumanControllingUs: 0, StartBugReporterOnCrash: 0, Is64bit: 1, IsPro: 0

 COMMAND LINE ARGUMENTS:
C:\Program Files\Unity\Hub\Editor\2020.3.11f1\Editor\Unity.exe
-adb2
-batchMode
-noUpm
-name
AssetImportWorker0
-projectPath
D:/GitHub/HexBoardGame
-logFile
Logs/AssetImportWorker0.log
-srvPort
60986
Successfully changed project path to: D:/GitHub/HexBoardGame
D:/GitHub/HexBoardGame
Using Asset Import Pipeline V2.
Refreshing native plugins compatible for Editor in 58.20 ms, found 3 plugins.
Preloading 0 native plugins for Editor in 0.00 ms.
Initialize engine version: 2020.3.11f1 (99c7afb366b3)
[Subsystems] Discovering subsystems at path C:/Program Files/Unity/Hub/Editor/2020.3.11f1/Editor/Data/Resources/UnitySubsystems
[Subsystems] Discovering subsystems at path D:/GitHub/HexBoardGame/Assets
GfxDevice: creating device client; threaded=0
Direct3D:
    Version:  Direct3D 11.0 [level 11.1]
    Renderer: Radeon RX 580 Series (ID=0x67df)
    Vendor:   
    VRAM:     8171 MB
    Driver:   27.20.12031.1000
Initialize mono
Mono path[0] = 'C:/Program Files/Unity/Hub/Editor/2020.3.11f1/Editor/Data/Managed'
Mono path[1] = 'C:/Program Files/Unity/Hub/Editor/2020.3.11f1/Editor/Data/MonoBleedingEdge/lib/mono/unityjit'
Mono config path = 'C:/Program Files/Unity/Hub/Editor/2020.3.11f1/Editor/Data/MonoBleedingEdge/etc'
Using monoOptions --debugger-agent=transport=dt_socket,embedding=1,server=y,suspend=n,address=127.0.0.1:56792
Begin MonoManager ReloadAssembly
Registering precompiled unity dll's ...
Register platform support module: C:/Program Files/Unity/Hub/Editor/2020.3.11f1/Editor/Data/PlaybackEngines/WindowsStandaloneSupport/UnityEditor.WindowsStandalone.Extensions.dll
Registered in 0.072270 seconds.
Native extension for WindowsStandalone target not found
Refreshing native plugins compatible for Editor in 106.76 ms, found 3 plugins.
Preloading 0 native plugins for Editor in 0.00 ms.
Mono: successfully reloaded assembly
- Completed reload, in  2.729 seconds
Platform modules already initialized, skipping
Registering precompiled user dll's ...
Registered in 0.003825 seconds.
Begin MonoManager ReloadAssembly
Native extension for WindowsStandalone target not found
Refreshing native plugins compatible for Editor in 61.58 ms, found 3 plugins.
Preloading 0 native plugins for Editor in 0.00 ms.
Mono: successfully reloaded assembly
- Completed reload, in 12.015 seconds
Platform modules already initialized, skipping
========================================================================
Worker process is ready to serve import requests
Launched and connected shader compiler UnityShaderCompiler.exe after 0.08 seconds
Refreshing native plugins compatible for Editor in 0.53 ms, found 3 plugins.
Preloading 0 native plugins for Editor in 0.00 ms.
Unloading 2082 Unused Serialized files (Serialized files now loaded: 0)
System memory in use before: 92.8 MB.
System memory in use after: 92.9 MB.

Unloading 28 unused Assets to reduce memory usage. Loaded Objects now: 2520.
Total: 2.926000 ms (FindLiveObjects: 0.298100 ms CreateObjectMapping: 0.169000 ms MarkObjects: 2.368400 ms  DeleteObjects: 0.088900 ms)

========================================================================
Received Import Request.
  path: Assets/Scripts/GridMap.cs
  artifactKey: Guid(a8dfa1482fb26c349ae693e319e49ee6) Importer(815301076,1909f56bfc062723c751e8b465ee728b)
Start importing Assets/Scripts/GridMap.cs using Guid(a8dfa1482fb26c349ae693e319e49ee6) Importer(815301076,1909f56bfc062723c751e8b465ee728b)  -> (artifact id: '29f619433c11b92e1f40ea9092f4589d') in 0.043430 seconds
  Import took 0.047207 seconds .

========================================================================
Received Import Request.
  Time since last request: 60.740144 seconds.
  path: Assets/Scripts/PlayerMovement.cs
  artifactKey: Guid(aaa081732346ea844a2a7b2c2a06dc68) Importer(815301076,1909f56bfc062723c751e8b465ee728b)
Start importing Assets/Scripts/PlayerMovement.cs using Guid(aaa081732346ea844a2a7b2c2a06dc68) Importer(815301076,1909f56bfc062723c751e8b465ee728b)  -> (artifact id: '5363a16ed9edc1d66e991ed43a0bd627') in 0.012091 seconds
  Import took 0.017291 seconds .

AssetImportWorkerClient::OnTransportError - code=2 error=End of file
